Arguments: 
  C:\Program Files\nodejs\node.exe C:\Program Files (x86)\Yarn\bin\yarn.js install

PATH: 
  C:\Program Files (x86)\Intel\Intel(R) Management Engine Components\iCLS\;C:\Program Files\Intel\Intel(R) Management Engine Components\iCLS\;C:\Windows\system32;C:\Windows;C:\Windows\System32\Wbem;C:\Windows\System32\WindowsPowerShell\v1.0\;C:\Program Files (x86)\Intel\Intel(R) Management Engine Components\DAL;C:\Program Files\Intel\Intel(R) Management Engine Components\DAL;C:\Program Files (x86)\Intel\Intel(R) Management Engine Components\IPT;C:\Program Files\Intel\Intel(R) Management Engine Components\IPT;C:\Program Files (x86)\NVIDIA Corporation\PhysX\Common;C:\Program Files\dotnet\;C:\Program Files\Microsoft SQL Server\130\Tools\Binn\;C:\WINDOWS\system32;C:\WINDOWS;C:\WINDOWS\System32\Wbem;C:\WINDOWS\System32\WindowsPowerShell\v1.0\;C:\WINDOWS\System32\OpenSSH\;C:\Program Files\NVIDIA Corporation\NVIDIA NvDLISR;C:\WINDOWS\system32;C:\WINDOWS;C:\WINDOWS\System32\Wbem;C:\WINDOWS\System32\WindowsPowerShell\v1.0\;C:\WINDOWS\System32\OpenSSH\;C:\Program Files\Intel\WiFi\bin\;C:\Program Files\Common Files\Intel\WirelessCommon\;C:\Program Files\Git\cmd;C:\Program Files (x86)\Yarn\bin\;C:\Program Files\nodejs\;C:\Program Files (x86)\Microsoft SQL Server\150\DTS\Binn\;C:\Program Files\PuTTY\;C:\Users\tmart\AppData\Local\Microsoft\WindowsApps;C:\Users\tmart\.dotnet\tools;C:\Users\tmart\AppData\Local\Microsoft\WindowsApps;C:\Users\tmart\AppData\Local\Yarn\bin;C:\Users\tmart\AppData\Roaming\npm;C:\Users\tmart\AppData\Local\Programs\Microsoft VS Code\bin

Yarn version: 
  1.17.3

Node version: 
  10.16.3

Platform: 
  win32 x64

Trace: 
  Error: https://registry.yarnpkg.com/@angular%2fplatform-browser/animations: Request "https://registry.yarnpkg.com/@angular%2fplatform-browser/animations" returned a 405
      at Request.params.callback [as _callback] (C:\Program Files (x86)\Yarn\lib\cli.js:65948:18)
      at Request.self.callback (C:\Program Files (x86)\Yarn\lib\cli.js:140464:22)
      at Request.emit (events.js:198:13)
      at Request.<anonymous> (C:\Program Files (x86)\Yarn\lib\cli.js:141436:10)
      at Request.emit (events.js:198:13)
      at IncomingMessage.<anonymous> (C:\Program Files (x86)\Yarn\lib\cli.js:141358:12)
      at Object.onceWrapper (events.js:286:20)
      at IncomingMessage.emit (events.js:203:15)
      at endReadableNT (_stream_readable.js:1145:12)
      at process._tickCallback (internal/process/next_tick.js:63:19)

npm manifest: 
  {
    "name": "PhoneBook",
    "version": "0.0.0",
    "license": "MIT",
    "scripts": {
      "ng": "ng",
      "start": "ng serve",
      "build": "ng build",
      "build:ssr": "npm run build -- --app=ssr --output-hashing=media",
      "test": "ng test",
      "lint": "ng lint",
      "e2e": "ng e2e"
    },
    "private": true,
    "dependencies": {
      "@angular/animations": "^8.2.14",
      "@angular/common": "^8.2.14",
      "@angular/compiler": "^8.2.14",
      "@angular/core": "^8.2.14",
      "@angular/forms": "^8.2.14",
      "@angular/platform-browser": "^8.2.14",
      "@angular/platform-browser-dynamic": "^8.2.14",
      "@angular/platform-browser/animations":"^8.2.14",
      "@angular/router": "^8.2.14",
      "@nguniversal/module-map-ngfactory-loader": "^7.1.1",
      "ajv": "^6.10.0",
      "aspnet-prerendering": "^3.0.1",
      "bootstrap": "^4.3.1",
      "core-js": "2.6.5",
      "jquery": "^3.4.0",
      "popper.js": "^1.15.0",
      "primeicons": "2.0.0",
      "primeng": "8.1.1",
      "rxjs": "^6.4.0",
      "zone.js": "^0.9.0",
      "@angular/cdk":"^8.2.3"
    },
    "devDependencies": {
      "@angular-devkit/build-angular": "~0.13.8",
      "@angular/cli": "^7.3.8",
      "@angular/compiler-cli": "^7.2.13",
      "@angular/language-service": "^7.2.13",
      "@types/jasmine": "~3.3.12",
      "@types/jasminewd2": "~2.0.6",
      "@types/node": "~11.13.4",
      "codelyzer": "^5.0.0",
      "jasmine-core": "~3.4.0",
      "jasmine-spec-reporter": "~4.2.1",
      "karma": "~4.0.1",
      "karma-chrome-launcher": "~2.2.0",
      "karma-coverage-istanbul-reporter": "^2.0.5",
      "karma-jasmine": "~2.0.1",
      "karma-jasmine-html-reporter": "^1.4.0",
      "protractor": "~5.4.2",
      "ts-node": "~8.0.3",
      "tslint": "~5.15.0",
      "typescript": "3.2.4",
      "webpack-cli": "^3.3.0"
    },
    "optionalDependencies": {
      "node-sass": "^4.11.0"
    }
  }

yarn manifest: 
  No manifest

Lockfile: 
  No lockfile
